<?xml version="1.0" encoding="UTF-8"?>
<!-- Generated by org.testng.reporters.JUnitXMLReporter -->
<testsuite hostname="Dell-Tamanna" ignored="0" name="IE_Browser" tests="2" failures="0" timestamp="04 Jan 2019 09:18:06 GMT" time="0.14" errors="0">
  <testcase name="@BeforeMethod setup" time="0.012" classname="base_mastbit.Base_Mastbit">
    <failure type="java.lang.IllegalStateException" message="The driver executable does not exist: C:\Users\Tamanna Sharma\Desktop\IEDriverServer.exe">
      <![CDATA[java.lang.IllegalStateException: The driver executable does not exist: C:\Users\Tamanna Sharma\Desktop\IEDriverServer.exe
at com.google.common.base.Preconditions.checkState(Preconditions.java:197)
at org.openqa.selenium.remote.service.DriverService.checkExecutable(DriverService.java:121)
at org.openqa.selenium.remote.service.DriverService.findExecutable(DriverService.java:116)
at org.openqa.selenium.ie.InternetExplorerDriverService.access$0(InternetExplorerDriverService.java:1)
at org.openqa.selenium.ie.InternetExplorerDriverService$Builder.findDefaultExecutable(InternetExplorerDriverService.java:167)
at org.openqa.selenium.remote.service.DriverService$Builder.build(DriverService.java:296)
at org.openqa.selenium.ie.InternetExplorerDriver.setupService(InternetExplorerDriver.java:251)
at org.openqa.selenium.ie.InternetExplorerDriver.<init>(InternetExplorerDriver.java:172)
at org.openqa.selenium.ie.InternetExplorerDriver.<init>(InternetExplorerDriver.java:146)
at base_mastbit.Base_Mastbit.setup(Base_Mastbit.java:58)
... Removed 28 stack frames]]>
    </failure>
  </testcase> <!-- @BeforeMethod setup -->
  <testcase name="@AfterMethod teardown" time="0.0" classname="base_mastbit.Base_Mastbit">
    <skipped/>
  </testcase> <!-- @AfterMethod teardown -->
  <testcase name="@BeforeMethod setup" time="0.0" classname="base_mastbit.Base_Mastbit">
    <skipped/>
  </testcase> <!-- @BeforeMethod setup -->
  <testcase name="@AfterMethod teardown" time="0.0" classname="base_mastbit.Base_Mastbit">
    <skipped/>
  </testcase> <!-- @AfterMethod teardown -->
  <testcase name="registrationTest" time="0.0" classname="scripts_mastbit.TC1_Registration">
    <skipped/>
  </testcase> <!-- registrationTest -->
  <testcase name="registrationTest" time="0.0" classname="scripts_mastbit.TC1_Registration">
    <skipped/>
  </testcase> <!-- registrationTest -->
</testsuite> <!-- IE_Browser -->
